<?xml version="1.0" encoding="UTF-8"?>
<!-- Generated by org.testng.reporters.JUnitReportReporter -->
<testsuite hostname="localhost.localdomain" failures="0" tests="3" name="MYF.MindYourFleet.Demo" time="24.812" errors="0" timestamp="2023-06-24T12:36:14 IST" skipped="0">
  <testcase classname="MYF.MindYourFleet.Demo" name="login" time="5.391"/>
  <system-out/>
  <testcase classname="MYF.MindYourFleet.Demo" name="createBooking" time="16.273"/>
  <system-out/>
  <testcase classname="MYF.MindYourFleet.Demo" name="logout" time="3.148"/>
  <system-out/>
</testsuite> <!-- MYF.MindYourFleet.Demo -->
