<?xml version="1.0" encoding="UTF-8"?>
<!-- Generated by org.testng.reporters.JUnitReportReporter -->
<testsuite hostname="localhost.localdomain" failures="0" tests="1" name="MYF.MindYourFleet.LoginTest" time="0.583" errors="0" timestamp="2023-06-25T08:58:31 IST" skipped="0">
  <testcase classname="MYF.MindYourFleet.LoginTest" name="login" time="0.583"/>
  <system-out/>
</testsuite> <!-- MYF.MindYourFleet.LoginTest -->
