<?xml version="1.0" encoding="UTF-8"?>
<!-- Generated by org.testng.reporters.JUnitReportReporter -->
<testsuite hostname="localhost.localdomain" failures="0" tests="1" name="runner.TestRunner" time="7.871" errors="0" timestamp="2023-07-13T22:02:23 IST" skipped="0">
  <testcase classname="runner.TestRunner" name="runScenario" time="7.871"/>
  <system-out/>
</testsuite> <!-- runner.TestRunner -->
